[2017-07-19 15:13:38] START
[2017-07-19 15:31:50] EDIT Remind_Me/controllers/default.py: 8
[2017-07-19 15:31:51] EDIT Remind_Me/controllers/default.py: 0
[2017-07-19 15:32:54] EDIT Remind_Me/controllers/default.py: 0
[2017-07-19 15:32:54] EDIT Remind_Me/controllers/default.py: 0
[2017-07-19 15:43:10] EDIT Remind_Me/controllers/default.py: 0
[2017-07-19 15:44:45] EDIT Remind_Me/controllers/default.py: 0
[2017-07-19 15:45:57] EDIT Remind_Me/controllers/default.py: 0
[2017-07-19 15:47:04] EDIT Remind_Me/controllers/default.py: 0
[2017-07-19 15:47:04] EDIT Remind_Me/controllers/default.py: 0
[2017-07-19 15:47:04] EDIT Remind_Me/controllers/default.py: 0
[2017-07-19 15:48:38] EDIT Remind_Me/controllers/default.py: 0
[2017-07-19 15:53:51] EDIT Remind_Me/views/default/index.html: -47
[2017-07-19 15:55:13] EDIT Remind_Me/controllers/default.py: 0
[2017-07-19 15:58:21] EDIT Remind_Me/controllers/default.py: 0
[2017-07-19 16:01:46] EDIT Remind_Me/controllers/default.py: -4
[2017-07-19 16:01:47] EDIT Remind_Me/controllers/default.py: 0
[2017-07-19 16:02:49] EDIT Remind_Me/controllers/default.py: 0
[2017-07-19 16:02:50] EDIT Remind_Me/controllers/default.py: 0
[2017-07-19 16:03:21] EDIT Remind_Me/controllers/default.py: 0
[2017-07-19 16:04:10] EDIT Remind_Me/controllers/default.py: -2
[2017-07-19 16:04:10] EDIT Remind_Me/controllers/default.py: 0
[2017-07-19 16:07:24] EDIT Remind_Me/controllers/default.py: 1
[2017-07-19 16:07:26] EDIT Remind_Me/controllers/default.py: 0
[2017-07-19 16:08:59] EDIT Remind_Me/controllers/default.py: 1
[2017-07-19 16:09:29] EDIT Remind_Me/controllers/default.py: 0
[2017-07-19 16:09:31] EDIT Remind_Me/controllers/default.py: 0
[2017-07-19 16:09:58] EDIT Remind_Me/controllers/default.py: -1
[2017-07-19 16:09:59] EDIT Remind_Me/controllers/default.py: 0
[2017-07-19 16:10:22] EDIT Remind_Me/controllers/default.py: 0
[2017-07-19 16:10:24] EDIT Remind_Me/controllers/default.py: 0
[2017-07-19 16:10:41] EDIT Remind_Me/controllers/default.py: -1
[2017-07-19 16:13:17] EDIT Remind_Me/models/db.py: -33
[2017-07-19 16:13:30] EDIT Remind_Me/models/db.py: 0
[2017-07-19 16:13:40] EDIT Remind_Me/models/db.py: 0
[2017-07-19 16:13:46] EDIT Remind_Me/models/db.py: 0
[2017-07-19 16:13:47] EDIT Remind_Me/models/db.py: 0
[2017-07-19 16:14:28] EDIT Remind_Me/models/db.py: 0
[2017-07-19 16:14:32] EDIT Remind_Me/views/default/index.html: 0
[2017-07-19 16:14:57] EDIT Remind_Me/models/menu.py: -110
[2017-07-19 16:15:05] EDIT Remind_Me/models/menu.py: -1
[2017-07-19 16:15:09] EDIT Remind_Me/models/menu.py: 0
[2017-07-19 16:15:11] EDIT Remind_Me/models/menu.py: 0
[2017-07-19 16:15:39] EDIT Remind_Me/models/menu.py: 0
[2017-07-19 16:17:50] EDIT Remind_Me/controllers/default.py: 2
[2017-07-19 16:17:58] EDIT Remind_Me/views/default/index.html: 1
[2017-07-19 16:19:17] EDIT Remind_Me/views/default/index.html: 0
[2017-07-19 16:22:53] EDIT Remind_Me/models/db.py: 1
[2017-07-19 16:23:03] EDIT Remind_Me/models/db.py: 0
[2017-07-19 16:23:13] EDIT Remind_Me/models/db.py: 0
[2017-07-19 16:23:27] EDIT Remind_Me/models/db.py: 0
[2017-07-19 16:23:28] EDIT Remind_Me/models/db.py: 0
[2017-07-19 16:23:42] EDIT Remind_Me/models/db.py: 0
[2017-07-19 16:23:56] EDIT Remind_Me/models/db.py: 0
[2017-07-19 16:24:14] EDIT Remind_Me/models/db.py: 0
[2017-07-19 21:02:30] EDIT Remind_Me/controllers/default.py: 0
[2017-07-19 21:05:09] EDIT Remind_Me/views/default/index.html: 4
[2017-07-19 21:07:25] EDIT Remind_Me/views/default/index.html: 3
[2017-07-19 21:07:45] EDIT Remind_Me/views/default/index.html: 0
[2017-07-19 21:07:54] EDIT Remind_Me/views/default/index.html: 0
[2017-07-19 21:08:46] EDIT Remind_Me/views/default/index.html: 0
[2017-07-19 21:17:41] EDIT Remind_Me/views/default/index.html: 2
[2017-07-19 21:18:11] EDIT Remind_Me/views/default/index.html: 0
[2017-07-19 21:18:32] EDIT Remind_Me/views/default/index.html: 1
[2017-07-19 21:19:03] EDIT Remind_Me/views/default/index.html: 0
[2017-07-19 21:20:55] EDIT Remind_Me/views/default/index.html: 2
[2017-07-19 21:22:00] EDIT Remind_Me/views/default/index.html: 0
[2017-07-19 21:23:04] EDIT Remind_Me/views/default/index.html: 0
[2017-07-20 19:19:09] EDIT Remind_Me/views/default/index.html: 3
[2017-07-20 19:30:55] EDIT Remind_Me/controllers/default.py: -25
[2017-07-20 19:32:45] EDIT Remind_Me/controllers/default.py: 0
[2017-07-20 19:32:46] EDIT Remind_Me/controllers/default.py: 0
[2017-07-20 19:35:06] EDIT Remind_Me/controllers/default.py: 0
[2017-07-20 19:42:19] EDIT Remind_Me/controllers/default.py: 0
[2017-07-20 19:43:24] EDIT Remind_Me/controllers/default.py: 0
[2017-07-20 19:44:54] EDIT Remind_Me/controllers/default.py: 0
[2017-07-20 19:44:55] EDIT Remind_Me/controllers/default.py: 0
[2017-07-20 19:51:46] EDIT Remind_Me/controllers/default.py: 0
[2017-07-20 19:55:41] EDIT Remind_Me/controllers/default.py: 0
[2017-07-20 19:58:27] EDIT Remind_Me/controllers/default.py: 0
[2017-07-20 19:58:28] EDIT Remind_Me/controllers/default.py: 0
[2017-07-20 19:59:48] EDIT Remind_Me/controllers/default.py: 0
[2017-07-20 19:59:48] EDIT Remind_Me/controllers/default.py: 0
[2017-07-20 20:05:19] EDIT Remind_Me/controllers/default.py: 0
[2017-07-20 20:05:20] EDIT Remind_Me/controllers/default.py: 0
[2017-07-20 20:05:34] EDIT Remind_Me/controllers/default.py: 0
[2017-07-20 20:05:37] EDIT Remind_Me/controllers/default.py: 0
[2017-07-20 20:40:24] EDIT Remind_Me/views/default/index.html: 0
[2017-07-20 20:47:45] CREATE default/reminder_create.html: 0
[2017-07-20 20:48:23] EDIT Remind_Me/controllers/default.py: 2
[2017-07-20 20:48:41] EDIT Remind_Me/views/default/reminder_create.html: -1
[2017-07-20 20:49:19] EDIT Remind_Me/views/default/index.html: -1
[2017-07-20 20:53:01] EDIT Remind_Me/controllers/default.py: 6
[2017-07-20 20:53:12] CREATE default/reminder_edit.html: 0
[2017-07-20 20:53:18] EDIT Remind_Me/views/default/reminder_edit.html: -1
[2017-07-20 20:53:57] EDIT Remind_Me/views/default/index.html: 0
[2017-07-20 20:54:21] EDIT Remind_Me/controllers/default.py: 0
[2017-07-20 20:54:23] EDIT Remind_Me/controllers/default.py: 0
[2017-07-20 20:57:58] EDIT Remind_Me/views/default/index.html: 1
[2017-07-20 20:58:35] EDIT Remind_Me/views/default/index.html: 2
[2017-07-20 21:02:22] EDIT Remind_Me/models/db.py: 1
[2017-07-20 21:10:56] EDIT Remind_Me/controllers/default.py: 0
[2017-07-20 21:12:12] EDIT Remind_Me/controllers/default.py: 2
[2017-07-20 21:12:14] EDIT Remind_Me/controllers/default.py: 0
[2017-07-20 21:12:16] EDIT Remind_Me/controllers/default.py: 0
[2017-07-20 21:12:18] EDIT Remind_Me/controllers/default.py: 0
[2017-07-20 21:12:27] EDIT Remind_Me/controllers/default.py: 0
[2017-07-20 21:12:28] EDIT Remind_Me/controllers/default.py: 0
[2017-07-20 21:14:13] EDIT Remind_Me/controllers/default.py: -2
[2017-07-20 21:20:38] EDIT Remind_Me/controllers/default.py: 0
[2017-07-20 21:20:59] EDIT Remind_Me/controllers/default.py: 0
[2017-07-20 21:21:14] EDIT Remind_Me/controllers/default.py: -2
[2017-07-20 21:21:47] EDIT Remind_Me/controllers/default.py: 2
[2017-07-20 21:25:23] EDIT Remind_Me/controllers/default.py: 3
[2017-07-20 21:25:27] EDIT Remind_Me/controllers/default.py: 1
[2017-07-20 21:26:40] EDIT Remind_Me/models/db.py: 2
[2017-07-20 21:26:50] EDIT Remind_Me/models/db.py: 0
[2017-07-20 21:26:59] EDIT Remind_Me/models/db.py: 0
[2017-07-20 21:27:00] EDIT Remind_Me/models/db.py: 0
[2017-07-20 21:27:43] EDIT Remind_Me/models/db.py: 0
[2017-07-20 21:29:42] EDIT Remind_Me/models/db.py: -1
[2017-07-20 21:30:01] EDIT Remind_Me/models/db.py: -1
[2017-07-20 21:30:55] EDIT Remind_Me/controllers/default.py: 0
[2017-07-20 21:30:57] EDIT Remind_Me/models/db.py: 0
[2017-07-20 21:32:04] EDIT Remind_Me/controllers/default.py: 0
[2017-07-20 21:32:36] EDIT Remind_Me/controllers/default.py: 0
[2017-07-20 21:32:42] EDIT Remind_Me/controllers/default.py: -1
[2017-07-20 21:36:58] EDIT Remind_Me/views/default/index.html: 0
[2017-07-20 21:37:23] EDIT Remind_Me/views/default/index.html: 0
[2017-07-20 21:38:38] EDIT Remind_Me/models/db.py: 0
[2017-07-20 21:39:51] EDIT Remind_Me/models/db.py: 0
[2017-07-20 21:40:34] EDIT Remind_Me/models/db.py: 0
[2017-07-20 21:42:03] EDIT Remind_Me/models/db.py: 0
[2017-07-20 21:42:29] EDIT Remind_Me/models/db.py: 0
[2017-07-20 21:42:45] EDIT Remind_Me/views/default/index.html: 0
[2017-07-20 21:43:10] EDIT Remind_Me/views/default/index.html: 0
[2017-07-20 21:46:07] EDIT Remind_Me/models/db.py: 0
[2017-07-20 21:46:20] EDIT Remind_Me/models/db.py: 0
[2017-07-20 21:59:48] EDIT Remind_Me/views/default/index.html: 0
[2017-07-20 22:00:20] EDIT Remind_Me/views/default/index.html: 0
[2017-07-20 22:00:20] EDIT Remind_Me/views/default/index.html: 0
[2017-07-20 22:00:56] EDIT Remind_Me/views/default/index.html: 0
[2017-07-20 22:01:36] EDIT Remind_Me/views/default/index.html: 0
[2017-07-20 22:02:03] EDIT Remind_Me/models/db.py: 0
[2017-07-20 22:02:17] EDIT Remind_Me/views/default/index.html: 0
[2017-07-20 22:02:18] EDIT Remind_Me/views/default/index.html: 0
[2017-07-20 22:03:37] EDIT Remind_Me/views/default/index.html: 3
[2017-07-20 22:03:52] EDIT Remind_Me/views/default/index.html: 0
[2017-07-20 22:05:05] EDIT Remind_Me/views/default/index.html: 0
[2017-07-20 22:05:59] EDIT Remind_Me/views/default/index.html: 0
[2017-07-20 22:06:33] EDIT Remind_Me/views/default/index.html: 2
[2017-07-20 22:08:11] EDIT Remind_Me/views/default/index.html: 7
[2017-07-20 22:09:04] EDIT Remind_Me/views/default/index.html: 0
[2017-07-20 22:09:23] EDIT Remind_Me/views/default/index.html: 0
[2017-07-20 22:10:18] EDIT Remind_Me/views/default/index.html: 1
[2017-07-20 22:11:39] EDIT Remind_Me/views/default/index.html: 0
[2017-07-20 22:12:02] EDIT Remind_Me/views/default/index.html: -2
[2017-07-20 22:12:12] EDIT Remind_Me/controllers/default.py: 0
[2017-07-20 22:12:20] EDIT Remind_Me/controllers/default.py: -3
[2017-07-20 22:13:16] EDIT Remind_Me/views/default/index.html: 2
[2017-07-20 22:13:39] EDIT Remind_Me/views/default/index.html: 0
[2017-07-20 22:13:59] EDIT Remind_Me/views/default/index.html: 0
[2017-07-20 22:14:02] EDIT Remind_Me/views/default/index.html: 0
[2017-07-20 22:14:18] EDIT Remind_Me/views/default/index.html: 1
[2017-07-20 22:14:34] EDIT Remind_Me/views/default/index.html: 0
[2017-07-20 22:14:46] EDIT Remind_Me/views/default/index.html: -1
[2017-07-20 22:14:55] EDIT Remind_Me/views/default/index.html: 1
[2017-07-20 22:15:08] EDIT Remind_Me/views/default/index.html: 0
[2017-07-20 22:15:26] EDIT Remind_Me/views/default/index.html: 0
[2017-07-20 22:15:34] EDIT Remind_Me/views/default/index.html: 0
[2017-07-20 22:15:40] EDIT Remind_Me/views/default/index.html: 0
[2017-07-20 22:15:41] EDIT Remind_Me/views/default/index.html: 0
[2017-07-20 22:15:51] EDIT Remind_Me/views/default/index.html: 0
[2017-07-20 22:17:37] EDIT Remind_Me/views/layout.html: -27
[2017-07-23 01:03:45] EDIT Remind_Me/controllers/default.py: 3
[2017-07-23 01:08:54] EDIT Remind_Me/views/default/index.html: 6
[2017-07-23 01:09:19] EDIT Remind_Me/controllers/default.py: -3
[2017-07-23 01:09:37] EDIT Remind_Me/views/default/index.html: 0
[2017-07-23 01:11:28] EDIT Remind_Me/views/default/index.html: 0
[2017-07-23 01:11:51] EDIT Remind_Me/views/default/index.html: 0
[2017-07-23 01:12:09] EDIT Remind_Me/views/default/index.html: 0
[2017-07-23 01:12:30] EDIT Remind_Me/views/default/index.html: 0
[2017-07-23 01:13:02] EDIT Remind_Me/views/default/index.html: 0
[2017-07-23 01:14:27] EDIT Remind_Me/views/default/index.html: 6
[2017-07-23 01:14:40] EDIT Remind_Me/views/default/index.html: -4
[2017-07-23 01:15:17] EDIT Remind_Me/views/default/index.html: 2
[2017-07-23 01:15:21] EDIT Remind_Me/views/default/index.html: 0
[2017-07-23 01:15:21] EDIT Remind_Me/views/default/index.html: 0
[2017-07-23 01:16:55] EDIT Remind_Me/views/default/index.html: 3
[2017-07-23 01:18:00] EDIT Remind_Me/views/default/index.html: 0
[2017-07-23 01:18:25] EDIT Remind_Me/views/default/index.html: 0
[2017-07-23 01:19:06] EDIT Remind_Me/views/default/index.html: 0
[2017-07-23 01:30:50] EDIT Remind_Me/views/default/index.html: 3
[2017-07-23 01:31:04] EDIT Remind_Me/views/default/index.html: 0
[2017-07-23 01:31:55] EDIT Remind_Me/views/default/index.html: 3
[2017-07-23 01:46:28] EDIT Remind_Me/models/menu.py: 3
[2017-07-23 01:47:16] EDIT Remind_Me/models/menu.py: 2
[2017-07-23 01:47:32] EDIT Remind_Me/views/default/index.html: -20
[2017-07-23 01:47:53] EDIT Remind_Me/views/default/index.html: 0
[2017-07-23 01:48:31] EDIT Remind_Me/models/menu.py: 0
[2017-07-23 01:49:02] CREATE default/logout.html: 0
[2017-07-23 01:49:07] EDIT Remind_Me/views/default/logout.html: -1
[2017-07-23 01:49:36] EDIT Remind_Me/controllers/default.py: 3
[2017-07-23 01:51:30] EDIT Remind_Me/controllers/default.py: 3
[2017-07-23 01:55:10] EDIT Remind_Me/models/db.py: 3
[2017-07-23 01:55:26] EDIT Remind_Me/models/db.py: 1
[2017-07-23 01:55:27] EDIT Remind_Me/models/db.py: 0
[2017-07-23 01:56:14] EDIT Remind_Me/controllers/default.py: 1
[2017-07-23 01:56:59] CREATE default/archive.html: 0
[2017-07-23 01:57:04] EDIT Remind_Me/views/default/archive.html: -1
[2017-07-23 01:57:44] EDIT Remind_Me/models/db.py: 0
[2017-07-23 01:57:55] EDIT Remind_Me/models/db.py: 0
[2017-07-23 01:58:28] EDIT Remind_Me/models/db.py: 0
[2017-07-23 01:59:56] EDIT Remind_Me/models/db.py: 1
[2017-07-23 02:00:39] EDIT Remind_Me/models/menu.py: 0
[2017-07-23 02:00:48] EDIT Remind_Me/models/menu.py: 0
[2017-07-23 02:00:48] EDIT Remind_Me/models/menu.py: 0
[2017-07-23 02:00:49] EDIT Remind_Me/models/menu.py: 0
[2017-07-23 02:01:20] EDIT Remind_Me/views/default/archive.html: -1
[2017-07-23 02:01:40] EDIT Remind_Me/views/default/archive.html: 1
[2017-07-23 02:03:29] EDIT Remind_Me/models/db.py: 0
[2017-07-23 02:04:18] EDIT Remind_Me/models/db.py: -1
[2017-07-23 02:04:29] EDIT Remind_Me/models/db.py: 1
[2017-07-23 02:04:45] EDIT Remind_Me/models/db.py: 0
[2017-07-23 02:05:37] EDIT Remind_Me/models/db.py: 1
[2017-07-23 02:05:51] EDIT Remind_Me/models/db.py: 0
[2017-07-23 02:07:57] EDIT Remind_Me/models/db.py: 0
[2017-07-23 02:09:33] EDIT Remind_Me/models/db.py: -1
[2017-07-23 02:09:47] EDIT Remind_Me/models/db.py: 1
[2017-07-23 02:09:50] EDIT Remind_Me/models/db.py: 0
[2017-07-23 02:10:39] EDIT Remind_Me/models/menu.py: 0
[2017-07-23 02:10:46] EDIT Remind_Me/models/menu.py: 0
[2017-07-23 02:11:58] EDIT Remind_Me/controllers/default.py: 4
[2017-07-23 02:12:02] EDIT Remind_Me/controllers/default.py: 0
[2017-07-23 02:12:03] EDIT Remind_Me/controllers/default.py: 0
[2017-07-23 02:12:11] CREATE default/text_message.html: 0
[2017-07-23 02:12:16] EDIT Remind_Me/views/default/text_message.html: -1
[2017-07-23 02:13:03] EDIT Remind_Me/models/db.py: 4
[2017-07-23 02:13:14] EDIT Remind_Me/models/db.py: 0
[2017-07-25 15:35:43] EDIT Remind_Me/models/db.py: 0
[2017-07-25 15:36:05] EDIT Remind_Me/models/db.py: 0
[2017-07-26 14:01:34] EDIT Remind_Me/models/db.py: 2
[2017-07-26 14:18:51] EDIT Remind_Me/views/default/index.html: 1
[2017-07-26 14:19:05] EDIT Remind_Me/views/default/index.html: 0
[2017-07-26 14:19:16] EDIT Remind_Me/views/default/index.html: 0
[2017-07-26 14:19:26] EDIT Remind_Me/views/default/index.html: 0
[2017-07-26 14:19:50] EDIT Remind_Me/views/default/index.html: 0
[2017-07-26 14:29:27] EDIT Remind_Me/views/default/index.html: 3
[2017-07-26 14:31:34] EDIT Remind_Me/views/default/index.html: 0
[2017-07-26 14:31:48] EDIT Remind_Me/views/default/index.html: 0
[2017-07-26 14:31:59] EDIT Remind_Me/views/default/index.html: 0
[2017-07-26 14:31:59] EDIT Remind_Me/views/default/index.html: 0
[2017-07-26 14:32:52] EDIT Remind_Me/views/default/index.html: 0
[2017-07-26 14:33:06] EDIT Remind_Me/views/default/index.html: 0
[2017-07-26 14:33:22] EDIT Remind_Me/views/default/index.html: 0
[2017-07-26 14:33:57] EDIT Remind_Me/views/default/index.html: -1
[2017-07-26 14:34:26] EDIT Remind_Me/views/default/index.html: 0
[2017-07-26 14:36:01] EDIT Remind_Me/views/default/index.html: 0
[2017-07-26 14:36:58] EDIT Remind_Me/views/default/index.html: 0
[2017-07-26 14:40:03] EDIT Remind_Me/controllers/default.py: 3
[2017-07-26 14:40:31] EDIT Remind_Me/controllers/default.py: 1
[2017-07-26 14:41:17] EDIT Remind_Me/views/default/archive.html: 35
[2017-07-26 14:43:57] EDIT Remind_Me/views/default/archive.html: -1
[2017-07-26 14:44:31] EDIT Remind_Me/views/default/archive.html: 0
[2017-07-26 14:47:07] EDIT Remind_Me/models/db.py: -1
[2017-07-26 14:47:12] EDIT Remind_Me/models/db.py: 0
[2017-07-26 14:48:36] EDIT Remind_Me/views/default/index.html: 0
[2017-07-26 14:50:53] EDIT Remind_Me/views/default/index.html: 0
[2017-07-26 14:51:17] EDIT Remind_Me/views/default/index.html: 6
[2017-07-26 14:53:26] EDIT Remind_Me/views/default/index.html: -3
[2017-07-26 14:53:33] EDIT Remind_Me/views/default/index.html: 3
[2017-07-26 14:54:06] EDIT Remind_Me/views/default/index.html: -4
[2017-07-26 14:54:20] EDIT Remind_Me/views/default/index.html: 10
[2017-07-26 14:59:26] EDIT Remind_Me/views/default/index.html: -2
[2017-07-26 14:59:55] EDIT Remind_Me/models/db.py: 0
[2017-07-26 15:03:46] EDIT Remind_Me/models/db.py: 0
[2017-07-26 15:04:11] EDIT Remind_Me/models/db.py: 0
[2017-07-26 15:04:43] EDIT Remind_Me/views/default/index.html: 1
[2017-07-26 15:05:29] EDIT Remind_Me/models/db.py: 0
[2017-07-26 15:05:52] EDIT Remind_Me/views/default/index.html: -1
[2017-07-26 15:10:39] EDIT Remind_Me/views/default/index.html: 4
[2017-07-26 15:10:53] EDIT Remind_Me/views/default/index.html: -2
[2017-07-26 15:11:11] EDIT Remind_Me/views/default/index.html: 5
[2017-07-26 15:16:35] EDIT Remind_Me/views/default/index.html: 28
[2017-07-26 15:17:08] EDIT Remind_Me/views/default/index.html: 0
[2017-07-26 15:17:28] EDIT Remind_Me/views/default/index.html: -1
[2017-07-26 15:22:02] EDIT Remind_Me/views/default/index.html: -1
[2017-07-26 15:24:05] EDIT Remind_Me/views/default/index.html: 0
[2017-07-26 15:24:23] EDIT Remind_Me/views/default/index.html: -1
[2017-07-26 15:25:16] EDIT Remind_Me/views/default/index.html: 1
[2017-07-26 15:25:30] EDIT Remind_Me/views/default/index.html: 0
[2017-07-26 15:26:53] EDIT Remind_Me/views/default/index.html: 2
[2017-07-26 15:29:48] EDIT Remind_Me/views/default/index.html: -1
[2017-07-26 15:29:56] EDIT Remind_Me/views/default/index.html: 0
[2017-07-26 15:32:25] EDIT Remind_Me/views/default/index.html: -2
[2017-07-26 15:36:10] EDIT Remind_Me/views/default/index.html: 0
[2017-07-26 15:37:09] EDIT Remind_Me/views/default/index.html: 0
[2017-07-26 15:37:09] EDIT Remind_Me/views/default/index.html: 0
[2017-07-26 15:37:18] EDIT Remind_Me/views/default/index.html: 0
[2017-07-26 15:37:27] EDIT Remind_Me/views/default/index.html: 0
[2017-07-26 15:38:54] EDIT Remind_Me/views/default/index.html: 0
[2017-07-26 15:39:05] EDIT Remind_Me/views/default/index.html: 0
[2017-07-26 15:39:40] EDIT Remind_Me/views/default/index.html: -28
[2017-07-26 15:40:01] EDIT Remind_Me/views/default/index.html: 1
[2017-07-26 15:40:30] EDIT Remind_Me/views/default/index.html: 1
[2017-07-26 15:40:46] EDIT Remind_Me/views/default/index.html: 0
[2017-07-26 15:41:29] EDIT Remind_Me/views/default/index.html: 1
[2017-07-26 15:41:41] EDIT Remind_Me/views/default/index.html: 0
[2017-07-26 15:42:44] EDIT Remind_Me/views/default/index.html: 1
[2017-07-26 15:42:55] EDIT Remind_Me/views/default/index.html: 0
[2017-07-26 15:50:15] EDIT Remind_Me/controllers/default.py: 0
[2017-07-26 15:53:11] EDIT Remind_Me/controllers/default.py: 10
[2017-07-26 15:53:37] EDIT Remind_Me/controllers/default.py: 1
[2017-07-26 15:54:02] EDIT Remind_Me/controllers/default.py: -2
[2017-07-26 15:54:29] EDIT Remind_Me/controllers/default.py: -2
[2017-07-26 15:54:30] EDIT Remind_Me/controllers/default.py: 0
[2017-07-26 15:55:22] EDIT Remind_Me/controllers/default.py: -1
[2017-07-26 15:56:42] EDIT Remind_Me/controllers/default.py: 0
[2017-07-26 15:57:02] EDIT Remind_Me/controllers/default.py: 0
[2017-07-26 15:57:15] EDIT Remind_Me/controllers/default.py: 0
[2017-07-26 16:02:08] EDIT Remind_Me/controllers/default.py: 0
[2017-07-26 16:02:09] EDIT Remind_Me/controllers/default.py: 0
[2017-07-26 17:00:31] EDIT Remind_Me/controllers/default.py: 0
[2017-07-26 17:01:00] EDIT Remind_Me/controllers/default.py: 0
[2017-07-26 17:02:58] EDIT Remind_Me/controllers/default.py: 0
[2017-07-26 17:03:16] EDIT Remind_Me/controllers/default.py: 1
[2017-07-26 17:04:09] EDIT Remind_Me/controllers/default.py: -1
[2017-07-26 17:04:22] EDIT Remind_Me/controllers/default.py: 0
[2017-07-26 17:08:05] EDIT Remind_Me/controllers/default.py: 0
[2017-07-26 17:17:38] EDIT Remind_Me/models/db.py: 5
[2017-07-26 17:19:50] EDIT Remind_Me/controllers/default.py: -5
[2017-07-26 17:20:19] EDIT Remind_Me/controllers/default.py: 2
[2017-07-26 17:20:32] EDIT Remind_Me/controllers/default.py: 3
[2017-07-26 17:20:47] EDIT Remind_Me/controllers/default.py: -14
[2017-07-26 17:20:50] EDIT Remind_Me/models/db.py: 9
[2017-07-26 17:20:55] EDIT Remind_Me/models/db.py: 0
[2017-07-26 17:21:56] EDIT Remind_Me/controllers/default.py: 14
[2017-07-26 17:22:57] EDIT Remind_Me/models/db.py: -14
[2017-07-26 17:23:16] EDIT Remind_Me/models/db.py: 0
[2017-07-26 17:23:24] EDIT Remind_Me/controllers/default.py: 0
[2017-07-26 17:26:29] EDIT Remind_Me/controllers/default.py: 0
[2017-07-26 17:26:36] EDIT Remind_Me/controllers/default.py: 0
[2017-07-26 17:26:45] EDIT Remind_Me/controllers/default.py: 0
[2017-07-26 17:27:03] EDIT Remind_Me/controllers/default.py: 0
[2017-07-26 17:27:06] EDIT Remind_Me/controllers/default.py: 0
[2017-07-26 17:31:28] EDIT Remind_Me/controllers/default.py: 0
[2017-07-26 17:33:45] EDIT Remind_Me/controllers/default.py: 0
[2017-07-26 17:33:52] EDIT Remind_Me/controllers/default.py: 0
[2017-07-26 17:34:01] EDIT Remind_Me/controllers/default.py: -1
[2017-07-26 17:34:07] EDIT Remind_Me/controllers/default.py: -1
[2017-07-26 17:34:14] EDIT Remind_Me/controllers/default.py: 0
[2017-07-26 17:34:17] EDIT Remind_Me/controllers/default.py: 1
[2017-07-26 17:34:25] EDIT Remind_Me/controllers/default.py: 1
[2017-07-26 17:37:15] EDIT Remind_Me/controllers/default.py: -3
[2017-07-26 17:40:37] EDIT Remind_Me/models/db.py: 2
[2017-07-26 17:41:22] EDIT Remind_Me/models/db.py: 0
[2017-07-26 17:41:30] EDIT Remind_Me/models/db.py: 0
[2017-07-26 17:42:09] EDIT Remind_Me/models/db.py: 0
[2017-07-26 17:42:31] EDIT Remind_Me/models/db.py: 0
[2017-07-26 17:42:33] EDIT Remind_Me/models/db.py: 0
[2017-07-26 17:43:43] EDIT Remind_Me/models/db.py: 1
[2017-07-26 17:44:26] EDIT Remind_Me/models/db.py: 0
[2017-07-26 17:44:32] EDIT Remind_Me/models/db.py: -1
[2017-07-26 17:49:04] EDIT Remind_Me/models/db.py: 0
[2017-07-26 17:49:09] EDIT Remind_Me/models/db.py: 0
[2017-07-26 17:49:46] EDIT Remind_Me/models/db.py: 0
[2017-07-26 17:50:34] EDIT Remind_Me/models/db.py: 1
[2017-07-26 18:01:53] EDIT Remind_Me/controllers/default.py: 1
[2017-07-26 18:02:39] EDIT Remind_Me/controllers/default.py: 0
[2017-07-26 18:05:28] EDIT Remind_Me/controllers/default.py: 1
[2017-07-26 18:05:39] EDIT Remind_Me/controllers/default.py: -1
[2017-07-26 18:05:44] EDIT Remind_Me/controllers/default.py: 0
[2017-07-26 18:05:46] EDIT Remind_Me/controllers/default.py: -1
[2017-07-26 18:07:37] EDIT Remind_Me/controllers/default.py: 3
[2017-07-26 18:08:44] EDIT Remind_Me/controllers/default.py: -6
[2017-07-26 18:09:03] EDIT Remind_Me/controllers/default.py: 5
[2017-07-26 18:09:05] EDIT Remind_Me/controllers/default.py: 0
[2017-07-26 18:12:54] EDIT Remind_Me/models/db.py: 1
[2017-07-26 18:14:32] EDIT Remind_Me/controllers/default.py: 1
[2017-07-26 18:15:26] EDIT Remind_Me/controllers/default.py: 0
[2017-07-26 18:15:55] EDIT Remind_Me/controllers/default.py: 0
[2017-07-26 18:16:11] EDIT Remind_Me/views/default/index.html: 3
[2017-07-26 18:16:33] EDIT Remind_Me/models/db.py: 0
[2017-07-26 18:17:58] EDIT Remind_Me/views/default/index.html: 2
[2017-07-26 18:17:59] EDIT Remind_Me/views/default/index.html: 0
[2017-07-26 18:18:06] EDIT Remind_Me/views/default/index.html: 0
[2017-07-26 18:18:35] EDIT Remind_Me/views/default/index.html: 3
[2017-07-26 18:18:49] EDIT Remind_Me/views/default/index.html: -1
[2017-07-26 18:19:17] EDIT Remind_Me/views/default/index.html: 0
[2017-07-26 18:19:38] EDIT Remind_Me/controllers/default.py: 1
[2017-07-26 18:20:27] EDIT Remind_Me/views/default/index.html: 0
[2017-07-26 18:21:10] EDIT Remind_Me/views/default/index.html: 2
[2017-07-26 18:21:32] EDIT Remind_Me/views/default/index.html: 0
[2017-07-26 18:21:49] EDIT Remind_Me/views/default/index.html: 0
[2017-07-26 18:22:43] EDIT Remind_Me/views/default/index.html: -2
[2017-07-26 18:23:17] EDIT Remind_Me/models/db.py: -1
[2017-07-26 18:26:39] EDIT Remind_Me/controllers/default.py: 2
[2017-07-26 18:27:08] EDIT Remind_Me/controllers/default.py: 7
[2017-07-26 18:27:12] EDIT Remind_Me/controllers/default.py: 0
[2017-07-26 18:27:17] EDIT Remind_Me/controllers/default.py: 0
[2017-07-26 18:29:44] EDIT Remind_Me/views/default/index.html: 5
[2017-07-26 18:30:13] EDIT Remind_Me/views/default/index.html: 1
[2017-07-26 18:30:51] EDIT Remind_Me/views/default/index.html: -1
[2017-07-26 18:31:08] CREATE default/text_edit.html: 0
[2017-07-26 18:31:26] EDIT Remind_Me/views/default/text_edit.html: -1
[2017-07-26 18:31:49] EDIT Remind_Me/views/default/index.html: 0
[2017-07-26 18:33:14] EDIT Remind_Me/views/default/index.html: 0
[2017-07-26 18:33:55] EDIT Remind_Me/views/default/index.html: 0
[2017-07-26 18:34:18] EDIT Remind_Me/views/default/index.html: 0
[2017-07-26 18:34:26] EDIT Remind_Me/views/default/index.html: 0
[2017-07-26 18:35:23] EDIT Remind_Me/controllers/default.py: 6
[2017-07-26 18:35:24] EDIT Remind_Me/controllers/default.py: 0
[2017-07-26 18:35:32] CREATE default/text_create.html: 0
[2017-07-26 18:35:40] EDIT Remind_Me/views/default/text_create.html: -1
[2017-07-26 18:35:54] EDIT Remind_Me/views/default/index.html: 0
[2017-07-26 18:37:59] EDIT Remind_Me/views/default/index.html: -2
[2017-07-26 18:38:14] EDIT Remind_Me/views/default/index.html: 0
[2017-07-26 18:39:21] EDIT Remind_Me/views/default/index.html: 0
[2017-07-26 18:39:45] EDIT Remind_Me/views/default/index.html: 3
[2017-07-26 18:40:43] EDIT Remind_Me/views/default/index.html: 4
[2017-07-26 18:41:29] EDIT Remind_Me/views/default/index.html: 0
[2017-07-26 18:41:55] EDIT Remind_Me/views/default/index.html: 0
[2017-07-26 18:42:25] EDIT Remind_Me/models/db.py: 1
[2017-07-26 18:42:37] EDIT Remind_Me/models/db.py: 0
[2017-07-26 18:44:31] EDIT Remind_Me/controllers/default.py: 0
[2017-07-26 18:45:14] EDIT Remind_Me/views/default/index.html: 0
[2017-07-26 18:45:22] EDIT Remind_Me/views/default/index.html: 1
[2017-07-26 18:48:53] EDIT Remind_Me/views/default/text_message.html: 2
[2017-07-26 18:49:12] EDIT Remind_Me/views/default/text_message.html: 3
[2017-07-26 18:49:20] EDIT Remind_Me/views/default/text_message.html: 0
[2017-07-26 18:49:33] EDIT Remind_Me/controllers/default.py: 0
[2017-07-26 18:49:54] EDIT Remind_Me/controllers/default.py: 0
[2017-07-26 18:51:02] EDIT Remind_Me/views/default/text_message.html: 5
[2017-07-26 18:51:21] EDIT Remind_Me/views/default/text_message.html: 0
[2017-07-26 18:51:52] EDIT Remind_Me/views/default/text_message.html: 3
[2017-07-26 18:52:04] EDIT Remind_Me/views/default/text_message.html: -2
[2017-07-26 18:56:02] EDIT Remind_Me/views/default/text_message.html: 16
[2017-07-26 18:56:31] EDIT Remind_Me/views/default/text_message.html: 0
[2017-07-26 18:57:55] EDIT Remind_Me/views/default/text_message.html: 1
[2017-07-26 18:58:03] EDIT Remind_Me/views/default/text_message.html: 0
[2017-07-26 18:59:52] EDIT Remind_Me/views/default/text_message.html: 1
[2017-08-04 15:53:36] EDIT Remind_Me/controllers/default.py: 0
[2017-08-04 15:53:46] EDIT Remind_Me/controllers/default.py: 0
[2017-08-04 15:54:44] EDIT Remind_Me/controllers/default.py: 1
[2017-08-04 15:57:51] EDIT Remind_Me/controllers/default.py: 0
[2017-08-04 16:01:25] EDIT Remind_Me/models/db.py: 1
[2017-08-04 16:01:36] EDIT Remind_Me/models/db.py: -1
[2017-08-09 15:07:02] EDIT Remind_Me/controllers/default.py: -1
[2017-08-09 15:11:25] EDIT Remind_Me/controllers/default.py: 0
[2017-08-09 15:11:26] EDIT Remind_Me/controllers/default.py: 0
[2017-08-09 15:11:27] EDIT Remind_Me/controllers/default.py: 0
[2017-08-09 15:12:34] EDIT Remind_Me/controllers/default.py: 0
[2017-08-09 15:34:49] EDIT Remind_Me/controllers/default.py: 1
[2017-08-09 15:58:18] EDIT Remind_Me/controllers/default.py: 4
[2017-08-09 15:59:53] EDIT Remind_Me/controllers/default.py: 2
[2017-08-09 16:00:08] EDIT Remind_Me/controllers/default.py: 0
[2017-08-09 16:00:19] EDIT Remind_Me/controllers/default.py: 0
[2017-08-09 16:00:42] EDIT Remind_Me/controllers/default.py: 0
[2017-08-09 16:01:44] EDIT Remind_Me/controllers/default.py: 0
[2017-08-09 16:01:47] EDIT Remind_Me/controllers/default.py: 0
[2017-08-09 16:02:01] EDIT Remind_Me/controllers/default.py: 0
[2017-08-09 16:02:09] EDIT Remind_Me/controllers/default.py: 0
[2017-08-09 16:02:37] EDIT Remind_Me/controllers/default.py: 0
[2017-08-09 16:03:26] EDIT Remind_Me/controllers/default.py: 0
[2017-08-09 16:03:58] EDIT Remind_Me/controllers/default.py: 0
[2017-08-09 16:04:51] EDIT Remind_Me/controllers/default.py: 1
[2017-08-09 16:04:54] EDIT Remind_Me/controllers/default.py: 0
[2017-08-09 16:05:00] EDIT Remind_Me/controllers/default.py: 0
[2017-08-09 16:05:38] EDIT Remind_Me/controllers/default.py: -1
[2017-08-09 16:05:54] EDIT Remind_Me/controllers/default.py: 0
[2017-08-09 16:06:01] EDIT Remind_Me/controllers/default.py: 0
[2017-08-09 16:06:14] EDIT Remind_Me/controllers/default.py: 0
[2017-08-09 16:06:24] EDIT Remind_Me/controllers/default.py: 0
[2017-08-09 16:06:31] EDIT Remind_Me/controllers/default.py: 0
[2017-08-09 16:06:57] EDIT Remind_Me/controllers/default.py: 1
[2017-08-09 16:07:24] EDIT Remind_Me/controllers/default.py: -1
[2017-08-09 16:07:37] EDIT Remind_Me/controllers/default.py: 1
[2017-08-09 16:09:11] EDIT Remind_Me/controllers/default.py: 0
[2017-08-09 16:09:18] EDIT Remind_Me/controllers/default.py: -1
[2017-08-09 16:09:19] EDIT Remind_Me/controllers/default.py: 0
[2017-08-09 16:09:34] EDIT Remind_Me/controllers/default.py: 0
[2017-08-09 16:09:39] EDIT Remind_Me/controllers/default.py: 0
[2017-09-25 16:35:29] EDIT Remind_Me/models/tasks.py: 0
